<?xml version="1.0" encoding="UTF-8"?>
<!-- Generated by org.testng.reporters.JUnitXMLReporter -->
<testsuite hostname="Anjali-PC" ignored="1" name="Default test" tests="4" failures="0" timestamp="04 Oct 2020 05:58:53 GMT" time="11.266" errors="0">
  <testcase name="test_01" time="5.46" classname="restAPI_Conventional.Testscript_GET"/>
  <testcase name="test_02" time="3.217" classname="restAPI_Conventional.Testscript_GET"/>
  <testcase name="test_03" time="1.017" classname="restAPI_Conventional.Testscript_GET"/>
  <testcase name="test_04" time="1.482" classname="restAPI_Conventional.Testscript_GET"/>
  <testcase name="test_pract" time="0.0" classname="restAPI_Conventional.Testscript_GET">
    <ignored/>
  </testcase> <!-- test_pract -->
</testsuite> <!-- Default test -->
