<?xml version="1.0" encoding="UTF-8"?>
<!-- Generated by org.testng.reporters.JUnitXMLReporter -->
<testsuite hostname="Anjali-PC" ignored="0" name="Test" tests="3" failures="0" timestamp="01 Jan 2021 06:24:05 GMT" time="11.898" errors="0">
  <testcase name="test_GET_01" time="7.383" classname="restAPI_ShortHand.TestScriptStatic_GET"/>
  <testcase name="test_GET_02" time="1.556" classname="restAPI_ShortHand.TestScriptStatic_GET"/>
  <testcase name="test_GET_03" time="1.346" classname="restAPI_ShortHand.TestScriptStatic_GET"/>
</testsuite> <!-- Test -->
