<?xml version="1.0" encoding="UTF-8"?>
<testng-results skipped="0" failed="0" total="1" passed="1">
  <reporter-output>
  </reporter-output>
  <suite name="Suite" duration-ms="59" started-at="2020-09-19T14:27:22Z" finished-at="2020-09-19T14:27:22Z">
    <groups>
    </groups>
    <test name="Test" duration-ms="59" started-at="2020-09-19T14:27:22Z" finished-at="2020-09-19T14:27:22Z">
      <class name="testdemo.Testscript">
        <test-method status="PASS" signature="rtest()[pri:0, instance:testdemo.Testscript@13969fbe]" name="rtest" duration-ms="27" started-at="2020-09-19T19:57:22Z" finished-at="2020-09-19T19:57:22Z">
          <reporter-output>
          </reporter-output>
        </test-method> <!-- rtest -->
      </class> <!-- testdemo.Testscript -->
    </test> <!-- Test -->
  </suite> <!-- Suite -->
</testng-results>
