<?xml version="1.0" encoding="UTF-8"?>
<testng-results skipped="0" failed="0" ignored="0" total="1" passed="1">
  <reporter-output>
  </reporter-output>
  <suite name="Default suite" duration-ms="6836" started-at="2021-01-01T07:15:45Z" finished-at="2021-01-01T07:15:52Z">
    <groups>
    </groups>
    <test name="Default test" duration-ms="6836" started-at="2021-01-01T07:15:45Z" finished-at="2021-01-01T07:15:52Z">
      <class name="restAPI_ShortHand.TestScriptPojoClass_POST">
        <test-method status="PASS" signature="beforeTestScriptPojoClass_POST()[pri:0, instance:restAPI_ShortHand.TestScriptPojoClass_POST@13eb8acf]" name="beforeTestScriptPojoClass_POST" is-config="true" duration-ms="1201" started-at="2021-01-01T07:15:45Z" finished-at="2021-01-01T07:15:46Z">
          <reporter-output>
          </reporter-output>
        </test-method> <!-- beforeTestScriptPojoClass_POST -->
        <test-method status="PASS" signature="test_POST_01()[pri:0, instance:restAPI_ShortHand.TestScriptPojoClass_POST@13eb8acf]" name="test_POST_01" duration-ms="5598" started-at="2021-01-01T07:15:46Z" finished-at="2021-01-01T07:15:52Z">
          <reporter-output>
          </reporter-output>
        </test-method> <!-- test_POST_01 -->
      </class> <!-- restAPI_ShortHand.TestScriptPojoClass_POST -->
    </test> <!-- Default test -->
  </suite> <!-- Default suite -->
</testng-results>
